{"/Users/alex/code/blog-posts-api/server/index.js": {"path":"/Users/alex/code/blog-posts-api/server/index.js","statementMap":{"0":{"start":{"line":1,"column":27},"end":{"line":1,"column":43}},"1":{"start":{"line":2,"column":24},"end":{"line":2,"column":42}},"2":{"start":{"line":3,"column":16},"end":{"line":3,"column":34}},"3":{"start":{"line":4,"column":12},"end":{"line":4,"column":21}},"4":{"start":{"line":5,"column":13},"end":{"line":5,"column":17}},"5":{"start":{"line":8,"column":0},"end":{"line":8,"column":24}},"6":{"start":{"line":10,"column":19},"end":{"line":48,"column":5}},"7":{"start":{"line":11,"column":19},"end":{"line":11,"column":61}},"8":{"start":{"line":12,"column":23},"end":{"line":12,"column":71}},"9":{"start":{"line":14,"column":23},"end":{"line":14,"column":61}},"10":{"start":{"line":15,"column":28},"end":{"line":15,"column":43}},"11":{"start":{"line":17,"column":24},"end":{"line":17,"column":57}},"12":{"start":{"line":18,"column":29},"end":{"line":18,"column":71}},"13":{"start":{"line":24,"column":4},"end":{"line":26,"column":5}},"14":{"start":{"line":25,"column":8},"end":{"line":25,"column":15}},"15":{"start":{"line":28,"column":3},"end":{"line":33,"column":5}},"16":{"start":{"line":29,"column":8},"end":{"line":32,"column":14}},"17":{"start":{"line":35,"column":4},"end":{"line":40,"column":5}},"18":{"start":{"line":36,"column":8},"end":{"line":39,"column":14}},"19":{"start":{"line":42,"column":4},"end":{"line":47,"column":5}},"20":{"start":{"line":43,"column":8},"end":{"line":46,"column":14}},"21":{"start":{"line":51,"column":0},"end":{"line":53,"column":3}},"22":{"start":{"line":52,"column":4},"end":{"line":52,"column":27}},"23":{"start":{"line":55,"column":0},"end":{"line":61,"column":3}},"24":{"start":{"line":56,"column":4},"end":{"line":60,"column":10}},"25":{"start":{"line":64,"column":0},"end":{"line":92,"column":2}},"26":{"start":{"line":65,"column":4},"end":{"line":91,"column":5}},"27":{"start":{"line":66,"column":8},"end":{"line":70,"column":14}},"28":{"start":{"line":72,"column":21},"end":{"line":72,"column":46}},"29":{"start":{"line":73,"column":23},"end":{"line":73,"column":65}},"30":{"start":{"line":74,"column":26},"end":{"line":74,"column":74}},"31":{"start":{"line":75,"column":23},"end":{"line":78,"column":14}},"32":{"start":{"line":76,"column":28},"end":{"line":76,"column":108}},"33":{"start":{"line":77,"column":16},"end":{"line":77,"column":38}},"34":{"start":{"line":79,"column":26},"end":{"line":79,"column":48}},"35":{"start":{"line":81,"column":21},"end":{"line":87,"column":10}},"36":{"start":{"line":82,"column":12},"end":{"line":86,"column":13}},"37":{"start":{"line":83,"column":16},"end":{"line":83,"column":44}},"38":{"start":{"line":85,"column":16},"end":{"line":85,"column":44}},"39":{"start":{"line":88,"column":8},"end":{"line":89,"column":31}},"40":{"start":{"line":95,"column":0},"end":{"line":97,"column":2}},"41":{"start":{"line":96,"column":4},"end":{"line":96,"column":44}},"42":{"start":{"line":99,"column":0},"end":{"line":99,"column":21}}},"fnMap":{"0":{"name":"(anonymous_0)","decl":{"start":{"line":10,"column":19},"end":{"line":10,"column":20}},"loc":{"start":{"line":10,"column":45},"end":{"line":48,"column":5}},"line":10},"1":{"name":"(anonymous_1)","decl":{"start":{"line":51,"column":13},"end":{"line":51,"column":14}},"loc":{"start":{"line":51,"column":27},"end":{"line":53,"column":1}},"line":51},"2":{"name":"(anonymous_2)","decl":{"start":{"line":55,"column":21},"end":{"line":55,"column":22}},"loc":{"start":{"line":55,"column":35},"end":{"line":61,"column":1}},"line":55},"3":{"name":"(anonymous_3)","decl":{"start":{"line":64,"column":33},"end":{"line":64,"column":34}},"loc":{"start":{"line":64,"column":53},"end":{"line":92,"column":1}},"line":64},"4":{"name":"(anonymous_4)","decl":{"start":{"line":75,"column":32},"end":{"line":75,"column":33}},"loc":{"start":{"line":75,"column":51},"end":{"line":78,"column":13}},"line":75},"5":{"name":"(anonymous_5)","decl":{"start":{"line":81,"column":40},"end":{"line":81,"column":41}},"loc":{"start":{"line":81,"column":50},"end":{"line":87,"column":9}},"line":81},"6":{"name":"(anonymous_6)","decl":{"start":{"line":95,"column":17},"end":{"line":95,"column":18}},"loc":{"start":{"line":95,"column":23},"end":{"line":97,"column":1}},"line":95}},"branchMap":{"0":{"loc":{"start":{"line":11,"column":19},"end":{"line":11,"column":61}},"type":"cond-expr","locations":[{"start":{"line":11,"column":38},"end":{"line":11,"column":54}},{"start":{"line":11,"column":57},"end":{"line":11,"column":61}}],"line":11},"1":{"loc":{"start":{"line":12,"column":23},"end":{"line":12,"column":71}},"type":"cond-expr","locations":[{"start":{"line":12,"column":45},"end":{"line":12,"column":64}},{"start":{"line":12,"column":66},"end":{"line":12,"column":71}}],"line":12},"2":{"loc":{"start":{"line":24,"column":4},"end":{"line":26,"column":5}},"type":"if","locations":[{"start":{"line":24,"column":4},"end":{"line":26,"column":5}},{"start":{},"end":{}}],"line":24},"3":{"loc":{"start":{"line":24,"column":8},"end":{"line":24,"column":57}},"type":"binary-expr","locations":[{"start":{"line":24,"column":8},"end":{"line":24,"column":28}},{"start":{"line":24,"column":32},"end":{"line":24,"column":57}}],"line":24},"4":{"loc":{"start":{"line":28,"column":3},"end":{"line":33,"column":5}},"type":"if","locations":[{"start":{"line":28,"column":3},"end":{"line":33,"column":5}},{"start":{},"end":{}}],"line":28},"5":{"loc":{"start":{"line":28,"column":7},"end":{"line":28,"column":58}},"type":"binary-expr","locations":[{"start":{"line":28,"column":7},"end":{"line":28,"column":28}},{"start":{"line":28,"column":32},"end":{"line":28,"column":58}}],"line":28},"6":{"loc":{"start":{"line":35,"column":4},"end":{"line":40,"column":5}},"type":"if","locations":[{"start":{"line":35,"column":4},"end":{"line":40,"column":5}},{"start":{},"end":{}}],"line":35},"7":{"loc":{"start":{"line":42,"column":4},"end":{"line":47,"column":5}},"type":"if","locations":[{"start":{"line":42,"column":4},"end":{"line":47,"column":5}},{"start":{},"end":{}}],"line":42},"8":{"loc":{"start":{"line":65,"column":4},"end":{"line":91,"column":5}},"type":"if","locations":[{"start":{"line":65,"column":4},"end":{"line":91,"column":5}},{"start":{"line":71,"column":11},"end":{"line":91,"column":5}}],"line":65},"9":{"loc":{"start":{"line":73,"column":23},"end":{"line":73,"column":65}},"type":"cond-expr","locations":[{"start":{"line":73,"column":42},"end":{"line":73,"column":58}},{"start":{"line":73,"column":61},"end":{"line":73,"column":65}}],"line":73},"10":{"loc":{"start":{"line":74,"column":26},"end":{"line":74,"column":74}},"type":"cond-expr","locations":[{"start":{"line":74,"column":48},"end":{"line":74,"column":67}},{"start":{"line":74,"column":69},"end":{"line":74,"column":74}}],"line":74},"11":{"loc":{"start":{"line":82,"column":12},"end":{"line":86,"column":13}},"type":"if","locations":[{"start":{"line":82,"column":12},"end":{"line":86,"column":13}},{"start":{"line":84,"column":19},"end":{"line":86,"column":13}}],"line":82}},"s":{"0":1,"1":1,"2":1,"3":1,"4":1,"5":1,"6":1,"7":2,"8":2,"9":2,"10":2,"11":2,"12":2,"13":2,"14":2,"15":2,"16":0,"17":2,"18":0,"19":2,"20":0,"21":1,"22":1,"23":1,"24":1,"25":1,"26":2,"27":1,"28":1,"29":1,"30":1,"31":1,"32":2,"33":2,"34":1,"35":1,"36":164,"37":164,"38":0,"39":1,"40":1,"41":1,"42":1},"f":{"0":2,"1":1,"2":1,"3":2,"4":2,"5":164,"6":1},"b":{"0":[0,2],"1":[0,2],"2":[2,0],"3":[2,2],"4":[0,2],"5":[2,0],"6":[0,2],"7":[0,2],"8":[1,1],"9":[0,1],"10":[0,1],"11":[164,0]},"_coverageSchema":"1a1c01bbd47fc00a2c39e90264f33305004495a9","hash":"ee3391a6776220988dd3a3699ead36d15456c064"}
}
