TN:
SF:server/index.js
FN:10,(anonymous_0)
FN:51,(anonymous_1)
FN:55,(anonymous_2)
FN:64,(anonymous_3)
FN:75,(anonymous_4)
FN:81,(anonymous_5)
FN:95,(anonymous_6)
FNF:7
FNH:7
FNDA:2,(anonymous_0)
FNDA:1,(anonymous_1)
FNDA:1,(anonymous_2)
FNDA:2,(anonymous_3)
FNDA:2,(anonymous_4)
FNDA:164,(anonymous_5)
FNDA:1,(anonymous_6)
DA:1,1
DA:2,1
DA:3,1
DA:4,1
DA:5,1
DA:8,1
DA:10,1
DA:11,2
DA:12,2
DA:14,2
DA:15,2
DA:17,2
DA:18,2
DA:24,2
DA:25,2
DA:28,2
DA:29,0
DA:35,2
DA:36,0
DA:42,2
DA:43,0
DA:51,1
DA:52,1
DA:55,1
DA:56,1
DA:64,1
DA:65,2
DA:66,1
DA:72,1
DA:73,1
DA:74,1
DA:75,1
DA:76,2
DA:77,2
DA:79,1
DA:81,1
DA:82,164
DA:83,164
DA:85,0
DA:88,1
DA:95,1
DA:96,1
DA:99,1
LF:43
LH:39
BRDA:11,0,0,0
BRDA:11,0,1,2
BRDA:12,1,0,0
BRDA:12,1,1,2
BRDA:24,2,0,2
BRDA:24,2,1,0
BRDA:24,3,0,2
BRDA:24,3,1,2
BRDA:28,4,0,0
BRDA:28,4,1,2
BRDA:28,5,0,2
BRDA:28,5,1,0
BRDA:35,6,0,0
BRDA:35,6,1,2
BRDA:42,7,0,0
BRDA:42,7,1,2
BRDA:65,8,0,1
BRDA:65,8,1,1
BRDA:73,9,0,0
BRDA:73,9,1,1
BRDA:74,10,0,0
BRDA:74,10,1,1
BRDA:82,11,0,164
BRDA:82,11,1,0
BRF:24
BRH:14
end_of_record
